running-example
100 Samples - 95-CI for E(z) is (-122.97083323908876, -56.369166760911234).
1000 Samples - 95-CI for E(z) is (-56.970258237216434, -37.83574176278356).
100000 Samples - 95-CI for E(z) is (-45.97289898321701, -44.076941016782996).
CI 1000000 samples - Elapsed time: 540.3609027862549 s
Polar - Elapsed time: 0.6684057712554932 s

retransmission-protocol
100 Samples - 95-CI for E(fail) is (0.061502061173556874, 0.21849793882644314).
1000 Samples - 95-CI for E(fail) is (0.08893985388987641, 0.1330601461101236).
100000 Samples - 95-CI for E(fail) is (0.10859342898283827, 0.11294657101716171).
CI 1000000 samples - Elapsed time: 145.86035418510437 s
Polar - Elapsed time: 0.2905149459838867 s

variable-swap
100 Samples - 95-CI for E(y) is (5.038141821985346, 6.466508384830566).
1000 Samples - 95-CI for E(y) is (5.40876059991286, 5.788629800784388).
100000 Samples - 95-CI for E(y) is (5.471021945963933, 5.511578754980256).
CI 1000000 samples - Elapsed time: 242.04433679580688 s
Polar - Elapsed time: 0.11123991012573242 s

hawk-dove-symbolic
100 Samples - 95-CI for E(p1bal) is (7.1092544638086705, 12.210745536191329).
1000 Samples - 95-CI for E(p1bal) is (9.025605950955606, 10.462394049044393).
100000 Samples - 95-CI for E(p1bal) is (9.942809196124832, 10.089350803875169).
CI 1000000 samples - Elapsed time: 372.1608865261078 s
Polar - Elapsed time: 0.2344660758972168 s

