[32m
8888888b.   .d88888b.  888             d8888 8888888b.
888   Y88b d88P" "Y88b 888            d88888 888   Y88b
888    888 888     888 888           d88P888 888    888
888   d88P 888     888 888          d88P 888 888   d88P
8888888P"  888     888 888         d88P  888 8888888P"
888        888     888 888        d88P   888 888 T88b
888        Y88b. .d88P 888       d8888888888 888  T88b
888         "Y88888P"  88888888 d88P     888 888   T88b

By the ProbInG group
[0m


[35m------------------[0m
[35m- Parsed program -[0m
[35m------------------[0m
v = 0
w = 0
x = Uniform(-9, 7)
y = Uniform(-7, 9)
s = 0
f = 0
while true:
    v = Normal(1, 16/3)
    w = Uniform(-6, 10)
    f = Bernoulli(3/4)
    x = x + f*v
    y = y + f*w
    s = s + x*y
end

[35m-----------------------[0m
[35m- Transformed program -[0m
[35m-----------------------[0m
types
    f : Finite(0, 1)
end
v = 0
w = 0
x = Uniform(-9, 7)
y = Uniform(-7, 9)
s = 0
f = 0
while true:
    v = Normal(1, 16/3)
    w = Uniform(-6, 10)
    f = Bernoulli(3/4)
    x = x + f*v
    y = y + f*w
    s = s + x*y
end

Elapsed time: 0.07333135604858398 s
